<?xml version="1.0" encoding="UTF-8"?>
<!-- Generated by org.testng.reporters.JUnitReportReporter -->
<testsuite hostname="P4CLAP-7041R8V" failures="0" tests="1" name="test.DemoTestNG" time="5.753" errors="0" timestamp="2021-03-04T21:42:16 IST" skipped="0">
  <testcase classname="test.DemoTestNG" name="googleSearch" time="5.753"/>
  <system-out/>
</testsuite> <!-- test.DemoTestNG -->
