<?xml version="1.0" encoding="UTF-8"?>
<!-- Generated by org.testng.reporters.JUnitReportReporter -->
<testsuite hostname="P4CLAP-7041R8V" failures="0" tests="1" name="demo.Test1" time="12.248" errors="0" timestamp="2021-03-07T14:17:15 IST" skipped="0">
  <testcase classname="demo.Test1" name="test1" time="12.248"/>
  <system-out/>
</testsuite> <!-- demo.Test1 -->
