<?xml version="1.0" encoding="UTF-8"?>
<!-- Generated by org.testng.reporters.JUnitReportReporter -->
<testsuite hostname="P4CLAP-7041R8V" failures="0" tests="3" name="demo.TestNGPriorityDemo" time="0.018" errors="0" timestamp="2021-03-06T12:14:57 IST" skipped="0">
  <testcase classname="demo.TestNGPriorityDemo" name="two" time="0.003"/>
  <system-out/>
  <testcase classname="demo.TestNGPriorityDemo" name="three" time="0.004"/>
  <system-out/>
  <testcase classname="demo.TestNGPriorityDemo" name="one" time="0.011"/>
  <system-out/>
</testsuite> <!-- demo.TestNGPriorityDemo -->
